<?xml version="1.0" encoding="UTF-8"?>
<!-- Generated by org.testng.reporters.JUnitReportReporter -->
<testsuite skipped="0" hostname="WIN-GEDESCREUP8" name="NewTest" tests="1" failures="0" timestamp="26 Feb 2018 00:25:35 GMT" time="1.897" errors="0">
  <testcase name="mavenTest" time="1.897" classname="NewTest"/>
</testsuite> <!-- NewTest -->
